<?xml version="1.0" encoding="UTF-8"?>
<testng-results skipped="0" failed="2" total="14" passed="12">
  <reporter-output>
  </reporter-output>
  <suite name="Suite" duration-ms="140772" started-at="2020-01-20T09:53:33Z" finished-at="2020-01-20T09:55:54Z">
    <groups>
    </groups>
    <test name="Testonchrome" duration-ms="131784" started-at="2020-01-20T09:53:33Z" finished-at="2020-01-20T09:55:45Z">
      <class name="Emprix.Start.Empirix_Updated">
        <test-method status="PASS" signature="setuptest(java.lang.String)[pri:0, instance:Emprix.Start.Empirix_Updated@4501b7af]" name="setuptest" is-config="true" duration-ms="2545" started-at="2020-01-20T15:23:33Z" finished-at="2020-01-20T15:23:35Z">
          <params>
            <param index="0">
              <value>
                <![CDATA[chrome]]>
              </value>
            </param>
          </params>
          <reporter-output>
          </reporter-output>
        </test-method> <!-- setuptest -->
        <test-method status="PASS" signature="readfile()[pri:0, instance:Emprix.Start.Empirix_Updated@4501b7af]" name="readfile" is-config="true" duration-ms="1" started-at="2020-01-20T15:23:35Z" finished-at="2020-01-20T15:23:35Z">
          <reporter-output>
          </reporter-output>
        </test-method> <!-- readfile -->
        <test-method status="PASS" signature="launch()[pri:1, instance:Emprix.Start.Empirix_Updated@4501b7af]" name="launch" duration-ms="44705" started-at="2020-01-20T15:23:35Z" finished-at="2020-01-20T15:24:20Z">
          <reporter-output>
          </reporter-output>
        </test-method> <!-- launch -->
        <test-method status="PASS" signature="readfile()[pri:0, instance:Emprix.Start.Empirix_Updated@4501b7af]" name="readfile" is-config="true" duration-ms="1" started-at="2020-01-20T15:24:20Z" finished-at="2020-01-20T15:24:20Z">
          <reporter-output>
          </reporter-output>
        </test-method> <!-- readfile -->
        <test-method status="PASS" signature="login()[pri:2, instance:Emprix.Start.Empirix_Updated@4501b7af]" name="login" duration-ms="29226" started-at="2020-01-20T15:24:20Z" finished-at="2020-01-20T15:24:49Z">
          <reporter-output>
          </reporter-output>
        </test-method> <!-- login -->
        <test-method status="PASS" signature="readfile()[pri:0, instance:Emprix.Start.Empirix_Updated@4501b7af]" name="readfile" is-config="true" duration-ms="1" started-at="2020-01-20T15:24:49Z" finished-at="2020-01-20T15:24:49Z">
          <reporter-output>
          </reporter-output>
        </test-method> <!-- readfile -->
        <test-method status="PASS" signature="Select_English_language()[pri:3, instance:Emprix.Start.Empirix_Updated@4501b7af]" name="Select_English_language" duration-ms="14752" started-at="2020-01-20T15:24:49Z" finished-at="2020-01-20T15:25:04Z">
          <reporter-output>
          </reporter-output>
        </test-method> <!-- Select_English_language -->
        <test-method status="PASS" signature="readfile()[pri:0, instance:Emprix.Start.Empirix_Updated@4501b7af]" name="readfile" is-config="true" duration-ms="1" started-at="2020-01-20T15:25:04Z" finished-at="2020-01-20T15:25:04Z">
          <reporter-output>
          </reporter-output>
        </test-method> <!-- readfile -->
        <test-method status="PASS" signature="tabs()[pri:4, instance:Emprix.Start.Empirix_Updated@4501b7af]" name="tabs" duration-ms="3654" started-at="2020-01-20T15:25:04Z" finished-at="2020-01-20T15:25:08Z">
          <reporter-output>
          </reporter-output>
        </test-method> <!-- tabs -->
        <test-method status="PASS" signature="readfile()[pri:0, instance:Emprix.Start.Empirix_Updated@4501b7af]" name="readfile" is-config="true" duration-ms="1" started-at="2020-01-20T15:25:08Z" finished-at="2020-01-20T15:25:08Z">
          <reporter-output>
          </reporter-output>
        </test-method> <!-- readfile -->
        <test-method status="PASS" signature="information()[pri:5, instance:Emprix.Start.Empirix_Updated@4501b7af]" name="information" duration-ms="17278" started-at="2020-01-20T15:25:08Z" finished-at="2020-01-20T15:25:25Z">
          <reporter-output>
          </reporter-output>
        </test-method> <!-- information -->
        <test-method status="PASS" signature="readfile()[pri:0, instance:Emprix.Start.Empirix_Updated@4501b7af]" name="readfile" is-config="true" duration-ms="1" started-at="2020-01-20T15:25:25Z" finished-at="2020-01-20T15:25:25Z">
          <reporter-output>
          </reporter-output>
        </test-method> <!-- readfile -->
        <test-method status="PASS" signature="Select_Japense_language()[pri:6, instance:Emprix.Start.Empirix_Updated@4501b7af]" name="Select_Japense_language" duration-ms="17436" started-at="2020-01-20T15:25:25Z" finished-at="2020-01-20T15:25:42Z">
          <reporter-output>
          </reporter-output>
        </test-method> <!-- Select_Japense_language -->
        <test-method status="PASS" signature="readfile()[pri:0, instance:Emprix.Start.Empirix_Updated@4501b7af]" name="readfile" is-config="true" duration-ms="2" started-at="2020-01-20T15:25:42Z" finished-at="2020-01-20T15:25:42Z">
          <reporter-output>
          </reporter-output>
        </test-method> <!-- readfile -->
        <test-method status="PASS" signature="logout()[pri:6, instance:Emprix.Start.Empirix_Updated@4501b7af]" name="logout" duration-ms="2158" started-at="2020-01-20T15:25:42Z" finished-at="2020-01-20T15:25:45Z">
          <reporter-output>
          </reporter-output>
        </test-method> <!-- logout -->
      </class> <!-- Emprix.Start.Empirix_Updated -->
    </test> <!-- Testonchrome -->
    <test name="Testonfirefox" duration-ms="140772" started-at="2020-01-20T09:53:33Z" finished-at="2020-01-20T09:55:54Z">
      <class name="Emprix.Start.Empirix_Updated">
        <test-method status="PASS" signature="setuptest(java.lang.String)[pri:0, instance:Emprix.Start.Empirix_Updated@685cb137]" name="setuptest" is-config="true" duration-ms="34609" started-at="2020-01-20T15:23:33Z" finished-at="2020-01-20T15:24:07Z">
          <params>
            <param index="0">
              <value>
                <![CDATA[firefox]]>
              </value>
            </param>
          </params>
          <reporter-output>
          </reporter-output>
        </test-method> <!-- setuptest -->
        <test-method status="PASS" signature="readfile()[pri:0, instance:Emprix.Start.Empirix_Updated@685cb137]" name="readfile" is-config="true" duration-ms="0" started-at="2020-01-20T15:24:07Z" finished-at="2020-01-20T15:24:07Z">
          <reporter-output>
          </reporter-output>
        </test-method> <!-- readfile -->
        <test-method status="PASS" signature="launch()[pri:1, instance:Emprix.Start.Empirix_Updated@685cb137]" name="launch" duration-ms="36804" started-at="2020-01-20T15:24:07Z" finished-at="2020-01-20T15:24:44Z">
          <reporter-output>
          </reporter-output>
        </test-method> <!-- launch -->
        <test-method status="PASS" signature="readfile()[pri:0, instance:Emprix.Start.Empirix_Updated@685cb137]" name="readfile" is-config="true" duration-ms="1" started-at="2020-01-20T15:24:44Z" finished-at="2020-01-20T15:24:44Z">
          <reporter-output>
          </reporter-output>
        </test-method> <!-- readfile -->
        <test-method status="PASS" signature="login()[pri:2, instance:Emprix.Start.Empirix_Updated@685cb137]" name="login" duration-ms="30165" started-at="2020-01-20T15:24:44Z" finished-at="2020-01-20T15:25:14Z">
          <reporter-output>
          </reporter-output>
        </test-method> <!-- login -->
        <test-method status="PASS" signature="readfile()[pri:0, instance:Emprix.Start.Empirix_Updated@685cb137]" name="readfile" is-config="true" duration-ms="1" started-at="2020-01-20T15:25:14Z" finished-at="2020-01-20T15:25:14Z">
          <reporter-output>
          </reporter-output>
        </test-method> <!-- readfile -->
        <test-method status="PASS" signature="Select_English_language()[pri:3, instance:Emprix.Start.Empirix_Updated@685cb137]" name="Select_English_language" duration-ms="8859" started-at="2020-01-20T15:25:14Z" finished-at="2020-01-20T15:25:23Z">
          <reporter-output>
          </reporter-output>
        </test-method> <!-- Select_English_language -->
        <test-method status="PASS" signature="readfile()[pri:0, instance:Emprix.Start.Empirix_Updated@685cb137]" name="readfile" is-config="true" duration-ms="1" started-at="2020-01-20T15:25:23Z" finished-at="2020-01-20T15:25:23Z">
          <reporter-output>
          </reporter-output>
        </test-method> <!-- readfile -->
        <test-method status="PASS" signature="tabs()[pri:4, instance:Emprix.Start.Empirix_Updated@685cb137]" name="tabs" duration-ms="333" started-at="2020-01-20T15:25:23Z" finished-at="2020-01-20T15:25:24Z">
          <reporter-output>
          </reporter-output>
        </test-method> <!-- tabs -->
        <test-method status="PASS" signature="readfile()[pri:0, instance:Emprix.Start.Empirix_Updated@685cb137]" name="readfile" is-config="true" duration-ms="1" started-at="2020-01-20T15:25:24Z" finished-at="2020-01-20T15:25:24Z">
          <reporter-output>
          </reporter-output>
        </test-method> <!-- readfile -->
        <test-method status="PASS" signature="information()[pri:5, instance:Emprix.Start.Empirix_Updated@685cb137]" name="information" duration-ms="17198" started-at="2020-01-20T15:25:24Z" finished-at="2020-01-20T15:25:41Z">
          <reporter-output>
          </reporter-output>
        </test-method> <!-- information -->
        <test-method status="PASS" signature="readfile()[pri:0, instance:Emprix.Start.Empirix_Updated@685cb137]" name="readfile" is-config="true" duration-ms="1" started-at="2020-01-20T15:25:41Z" finished-at="2020-01-20T15:25:41Z">
          <reporter-output>
          </reporter-output>
        </test-method> <!-- readfile -->
        <test-method status="FAIL" signature="Select_Japense_language()[pri:6, instance:Emprix.Start.Empirix_Updated@685cb137]" name="Select_Japense_language" duration-ms="12725" started-at="2020-01-20T15:25:41Z" finished-at="2020-01-20T15:25:53Z">
          <exception class="java.lang.AssertionError">
            <message>
              <![CDATA[null]]>
            </message>
            <full-stacktrace>
              <![CDATA[java.lang.AssertionError: null
	at org.testng.Assert.fail(Assert.java:94)
	at org.testng.Assert.fail(Assert.java:101)
	at Emprix.Start.Empirix_Updated.Select_Japense_language(Empirix_Updated.java:211)
	at sun.reflect.NativeMethodAccessorImpl.invoke0(Native Method)
	at sun.reflect.NativeMethodAccessorImpl.invoke(NativeMethodAccessorImpl.java:62)
	at sun.reflect.DelegatingMethodAccessorImpl.invoke(DelegatingMethodAccessorImpl.java:43)
	at java.lang.reflect.Method.invoke(Method.java:498)
	at org.testng.internal.MethodInvocationHelper.invokeMethod(MethodInvocationHelper.java:100)
	at org.testng.internal.Invoker.invokeMethod(Invoker.java:646)
	at org.testng.internal.Invoker.invokeTestMethod(Invoker.java:811)
	at org.testng.internal.Invoker.invokeTestMethods(Invoker.java:1129)
	at org.testng.internal.TestMethodWorker.invokeTestMethods(TestMethodWorker.java:129)
	at org.testng.internal.TestMethodWorker.run(TestMethodWorker.java:112)
	at org.testng.TestRunner.privateRun(TestRunner.java:746)
	at org.testng.TestRunner.run(TestRunner.java:600)
	at org.testng.SuiteRunner.runTest(SuiteRunner.java:366)
	at org.testng.SuiteRunner.access$000(SuiteRunner.java:39)
	at org.testng.SuiteRunner$SuiteWorker.run(SuiteRunner.java:400)
	at org.testng.internal.thread.ThreadUtil$2.call(ThreadUtil.java:64)
	at java.util.concurrent.FutureTask.run(FutureTask.java:266)
	at java.util.concurrent.ThreadPoolExecutor.runWorker(ThreadPoolExecutor.java:1149)
	at java.util.concurrent.ThreadPoolExecutor$Worker.run(ThreadPoolExecutor.java:624)
	at java.lang.Thread.run(Thread.java:748)
]]>
            </full-stacktrace>
          </exception> <!-- java.lang.AssertionError -->
          <reporter-output>
          </reporter-output>
        </test-method> <!-- Select_Japense_language -->
        <test-method status="PASS" signature="readfile()[pri:0, instance:Emprix.Start.Empirix_Updated@685cb137]" name="readfile" is-config="true" duration-ms="1" started-at="2020-01-20T15:25:53Z" finished-at="2020-01-20T15:25:53Z">
          <reporter-output>
          </reporter-output>
        </test-method> <!-- readfile -->
        <test-method status="FAIL" signature="logout()[pri:6, instance:Emprix.Start.Empirix_Updated@685cb137]" name="logout" duration-ms="56" started-at="2020-01-20T15:25:53Z" finished-at="2020-01-20T15:25:54Z">
          <exception class="java.lang.AssertionError">
            <message>
              <![CDATA[null]]>
            </message>
            <full-stacktrace>
              <![CDATA[java.lang.AssertionError: null
	at org.testng.Assert.fail(Assert.java:94)
	at org.testng.Assert.fail(Assert.java:101)
	at Emprix.Start.Empirix_Updated.logout(Empirix_Updated.java:226)
	at sun.reflect.NativeMethodAccessorImpl.invoke0(Native Method)
	at sun.reflect.NativeMethodAccessorImpl.invoke(NativeMethodAccessorImpl.java:62)
	at sun.reflect.DelegatingMethodAccessorImpl.invoke(DelegatingMethodAccessorImpl.java:43)
	at java.lang.reflect.Method.invoke(Method.java:498)
	at org.testng.internal.MethodInvocationHelper.invokeMethod(MethodInvocationHelper.java:100)
	at org.testng.internal.Invoker.invokeMethod(Invoker.java:646)
	at org.testng.internal.Invoker.invokeTestMethod(Invoker.java:811)
	at org.testng.internal.Invoker.invokeTestMethods(Invoker.java:1129)
	at org.testng.internal.TestMethodWorker.invokeTestMethods(TestMethodWorker.java:129)
	at org.testng.internal.TestMethodWorker.run(TestMethodWorker.java:112)
	at org.testng.TestRunner.privateRun(TestRunner.java:746)
	at org.testng.TestRunner.run(TestRunner.java:600)
	at org.testng.SuiteRunner.runTest(SuiteRunner.java:366)
	at org.testng.SuiteRunner.access$000(SuiteRunner.java:39)
	at org.testng.SuiteRunner$SuiteWorker.run(SuiteRunner.java:400)
	at org.testng.internal.thread.ThreadUtil$2.call(ThreadUtil.java:64)
	at java.util.concurrent.FutureTask.run(FutureTask.java:266)
	at java.util.concurrent.ThreadPoolExecutor.runWorker(ThreadPoolExecutor.java:1149)
	at java.util.concurrent.ThreadPoolExecutor$Worker.run(ThreadPoolExecutor.java:624)
	at java.lang.Thread.run(Thread.java:748)
]]>
            </full-stacktrace>
          </exception> <!-- java.lang.AssertionError -->
          <reporter-output>
          </reporter-output>
        </test-method> <!-- logout -->
      </class> <!-- Emprix.Start.Empirix_Updated -->
    </test> <!-- Testonfirefox -->
  </suite> <!-- Suite -->
</testng-results>
