<?xml version="1.0" encoding="UTF-8"?>
<!-- Generated by org.testng.reporters.JUnitXMLReporter -->
<testsuite hostname="md1zttwc" name="Default test" tests="7" failures="0" timestamp="20 Jan 2020 10:56:53 GMT" time="0.087" errors="0">
  <testcase name="@BeforeTest setuptest" time="0.0" classname="Emprix.Start.Empirix_Updated">
    <failure type="org.testng.TestNGException" message="
Parameter &amp;apos;BrowserName&amp;apos; is required by @Configuration on method setuptest but has not been marked @Optional or defined
in C:\Users\z003ckvz.AD001\AppData\Local\Temp\testng-eclipse-1434616373\testng-customsuite.xml">
      <![CDATA[org.testng.TestNGException: 
Parameter 'BrowserName' is required by @Configuration on method setuptest but has not been marked @Optional or defined
in C:\Users\z003ckvz.AD001\AppData\Local\Temp\testng-eclipse-1434616373\testng-customsuite.xml
	at org.testng.internal.Parameters.createParameters(Parameters.java:156)
	at org.testng.internal.Parameters.createParameters(Parameters.java:363)
	at org.testng.internal.Parameters.createConfigurationParameters(Parameters.java:86)
	at org.testng.internal.Invoker.invokeConfigurations(Invoker.java:202)
	at org.testng.internal.Invoker.invokeConfigurations(Invoker.java:143)
	at org.testng.TestRunner.beforeRun(TestRunner.java:624)
	at org.testng.TestRunner.run(TestRunner.java:592)
	at org.testng.SuiteRunner.runTest(SuiteRunner.java:366)
	at org.testng.SuiteRunner.runSequentially(SuiteRunner.java:361)
	at org.testng.SuiteRunner.privateRun(SuiteRunner.java:319)
	at org.testng.SuiteRunner.run(SuiteRunner.java:268)
	at org.testng.SuiteRunnerWorker.runSuite(SuiteRunnerWorker.java:52)
	at org.testng.SuiteRunnerWorker.run(SuiteRunnerWorker.java:86)
	at org.testng.TestNG.runSuitesSequentially(TestNG.java:1264)
	at org.testng.TestNG.runSuitesLocally(TestNG.java:1189)
	at org.testng.TestNG.runSuites(TestNG.java:1104)
	at org.testng.TestNG.run(TestNG.java:1076)
	at org.testng.remote.AbstractRemoteTestNG.run(AbstractRemoteTestNG.java:126)
	at org.testng.remote.RemoteTestNG.initAndRun(RemoteTestNG.java:152)
	at org.testng.remote.RemoteTestNG.main(RemoteTestNG.java:57)
]]>
    </failure>
  </testcase> <!-- @BeforeTest setuptest -->
  <testcase name="@BeforeMethod readfile" time="0.0" classname="Emprix.Start.Empirix_Updated">
    <skipped/>
  </testcase> <!-- @BeforeMethod readfile -->
  <testcase name="@BeforeMethod readfile" time="0.0" classname="Emprix.Start.Empirix_Updated">
    <skipped/>
  </testcase> <!-- @BeforeMethod readfile -->
  <testcase name="@BeforeMethod readfile" time="0.0" classname="Emprix.Start.Empirix_Updated">
    <skipped/>
  </testcase> <!-- @BeforeMethod readfile -->
  <testcase name="@BeforeMethod readfile" time="0.0" classname="Emprix.Start.Empirix_Updated">
    <skipped/>
  </testcase> <!-- @BeforeMethod readfile -->
  <testcase name="@BeforeMethod readfile" time="0.0" classname="Emprix.Start.Empirix_Updated">
    <skipped/>
  </testcase> <!-- @BeforeMethod readfile -->
  <testcase name="@BeforeMethod readfile" time="0.0" classname="Emprix.Start.Empirix_Updated">
    <skipped/>
  </testcase> <!-- @BeforeMethod readfile -->
  <testcase name="@BeforeMethod readfile" time="0.0" classname="Emprix.Start.Empirix_Updated">
    <skipped/>
  </testcase> <!-- @BeforeMethod readfile -->
  <testcase name="launch" time="0.008" classname="Emprix.Start.Empirix_Updated">
    <skipped/>
  </testcase> <!-- launch -->
  <testcase name="login" time="0.002" classname="Emprix.Start.Empirix_Updated">
    <skipped/>
  </testcase> <!-- login -->
  <testcase name="Select_English_language" time="0.001" classname="Emprix.Start.Empirix_Updated">
    <skipped/>
  </testcase> <!-- Select_English_language -->
  <testcase name="tabs" time="0.004" classname="Emprix.Start.Empirix_Updated">
    <skipped/>
  </testcase> <!-- tabs -->
  <testcase name="information" time="0.001" classname="Emprix.Start.Empirix_Updated">
    <skipped/>
  </testcase> <!-- information -->
  <testcase name="Select_Japense_language" time="0.001" classname="Emprix.Start.Empirix_Updated">
    <skipped/>
  </testcase> <!-- Select_Japense_language -->
  <testcase name="logout" time="0.001" classname="Emprix.Start.Empirix_Updated">
    <skipped/>
  </testcase> <!-- logout -->
</testsuite> <!-- Default test -->
