<?xml version="1.0" encoding="UTF-8"?>
<!-- Generated by org.testng.reporters.JUnitXMLReporter -->
<testsuite hostname="md1zttwc" name="Testonfirefox" tests="7" failures="4" timestamp="20 Jan 2020 01:37:33 GMT" time="105.023" errors="0">
  <testcase name="launch" time="34.056" classname="Emprix.Start.Empirix_Updated"/>
  <testcase name="login" time="29.053" classname="Emprix.Start.Empirix_Updated"/>
  <testcase name="Select_English_language" time="14.689" classname="Emprix.Start.Empirix_Updated"/>
  <testcase name="tabs" time="10.291" classname="Emprix.Start.Empirix_Updated">
    <failure type="java.lang.AssertionError" message="null">
      <![CDATA[java.lang.AssertionError: null
	at Emprix.Start.Empirix_Updated.tabs(Empirix_Updated.java:161)
	at java.util.concurrent.FutureTask.run(FutureTask.java:266)
	at java.util.concurrent.ThreadPoolExecutor.runWorker(ThreadPoolExecutor.java:1149)
	at java.util.concurrent.ThreadPoolExecutor$Worker.run(ThreadPoolExecutor.java:624)
	at java.lang.Thread.run(Thread.java:748)
... Removed 18 stack frames]]>
    </failure>
  </testcase> <!-- tabs -->
  <testcase name="information" time="2.008" classname="Emprix.Start.Empirix_Updated">
    <failure type="java.lang.AssertionError" message="null">
      <![CDATA[java.lang.AssertionError: null
	at Emprix.Start.Empirix_Updated.information(Empirix_Updated.java:189)
	at java.util.concurrent.FutureTask.run(FutureTask.java:266)
	at java.util.concurrent.ThreadPoolExecutor.runWorker(ThreadPoolExecutor.java:1149)
	at java.util.concurrent.ThreadPoolExecutor$Worker.run(ThreadPoolExecutor.java:624)
	at java.lang.Thread.run(Thread.java:748)
... Removed 18 stack frames]]>
    </failure>
  </testcase> <!-- information -->
  <testcase name="Select_Japense_language" time="2.291" classname="Emprix.Start.Empirix_Updated">
    <failure type="java.lang.AssertionError" message="null">
      <![CDATA[java.lang.AssertionError: null
	at Emprix.Start.Empirix_Updated.Select_Japense_language(Empirix_Updated.java:211)
	at java.util.concurrent.FutureTask.run(FutureTask.java:266)
	at java.util.concurrent.ThreadPoolExecutor.runWorker(ThreadPoolExecutor.java:1149)
	at java.util.concurrent.ThreadPoolExecutor$Worker.run(ThreadPoolExecutor.java:624)
	at java.lang.Thread.run(Thread.java:748)
... Removed 18 stack frames]]>
    </failure>
  </testcase> <!-- Select_Japense_language -->
  <testcase name="logout" time="2.256" classname="Emprix.Start.Empirix_Updated">
    <failure type="java.lang.AssertionError" message="null">
      <![CDATA[java.lang.AssertionError: null
	at Emprix.Start.Empirix_Updated.logout(Empirix_Updated.java:226)
	at java.util.concurrent.FutureTask.run(FutureTask.java:266)
	at java.util.concurrent.ThreadPoolExecutor.runWorker(ThreadPoolExecutor.java:1149)
	at java.util.concurrent.ThreadPoolExecutor$Worker.run(ThreadPoolExecutor.java:624)
	at java.lang.Thread.run(Thread.java:748)
... Removed 18 stack frames]]>
    </failure>
  </testcase> <!-- logout -->
</testsuite> <!-- Testonfirefox -->
