<?xml version="1.0" encoding="UTF-8"?>
<!-- Generated by org.testng.reporters.JUnitXMLReporter -->
<testsuite hostname="md1zttwc" name="Testonchrome" tests="7" failures="0" timestamp="20 Jan 2020 11:49:02 GMT" time="128.727" errors="0">
  <testcase name="launch" time="40.554" classname="Emprix.Start.Empirix_Updated"/>
  <testcase name="login" time="27.442" classname="Emprix.Start.Empirix_Updated"/>
  <testcase name="Select_English_language" time="14.306" classname="Emprix.Start.Empirix_Updated"/>
  <testcase name="tabs" time="1.285" classname="Emprix.Start.Empirix_Updated"/>
  <testcase name="information" time="16.78" classname="Emprix.Start.Empirix_Updated"/>
  <testcase name="Select_Japense_language" time="12.39" classname="Emprix.Start.Empirix_Updated"/>
  <testcase name="logout" time="8.141" classname="Emprix.Start.Empirix_Updated"/>
</testsuite> <!-- Testonchrome -->
