<?xml version="1.0" encoding="UTF-8"?>
<!-- Generated by org.testng.reporters.JUnitXMLReporter -->
<testsuite hostname="md1zttwc" name="Testonchrome" tests="7" failures="0" timestamp="20 Jan 2020 09:55:46 GMT" time="131.784" errors="0">
  <testcase name="launch" time="44.705" classname="Emprix.Start.Empirix_Updated"/>
  <testcase name="login" time="29.226" classname="Emprix.Start.Empirix_Updated"/>
  <testcase name="Select_English_language" time="14.752" classname="Emprix.Start.Empirix_Updated"/>
  <testcase name="tabs" time="3.654" classname="Emprix.Start.Empirix_Updated"/>
  <testcase name="information" time="17.278" classname="Emprix.Start.Empirix_Updated"/>
  <testcase name="Select_Japense_language" time="17.436" classname="Emprix.Start.Empirix_Updated"/>
  <testcase name="logout" time="2.158" classname="Emprix.Start.Empirix_Updated"/>
</testsuite> <!-- Testonchrome -->
