<?xml version="1.0" encoding="UTF-8"?>
<!-- Generated by org.testng.reporters.JUnitXMLReporter -->
<testsuite hostname="md1zttwc" name="Test" tests="6" failures="0" timestamp="20 Jan 2020 01:11:58 GMT" time="120.842" errors="0">
  <testcase name="launch" time="41.439" classname="Emprix.Start.Empirix_Updated"/>
  <testcase name="login" time="27.718" classname="Emprix.Start.Empirix_Updated"/>
  <testcase name="Select_English_language" time="14.307" classname="Emprix.Start.Empirix_Updated"/>
  <testcase name="tabs" time="1.277" classname="Emprix.Start.Empirix_Updated"/>
  <testcase name="information" time="16.691" classname="Emprix.Start.Empirix_Updated"/>
  <testcase name="Select_Japense_language" time="16.782" classname="Emprix.Start.Empirix_Updated"/>
</testsuite> <!-- Test -->
