<?xml version="1.0" encoding="UTF-8"?>
<!-- Generated by org.testng.reporters.JUnitXMLReporter -->
<testsuite hostname="md1zttwc" name="Testonfirefox" tests="7" failures="0" timestamp="20 Jan 2020 13:17:36 GMT" time="146.665" errors="0">
  <testcase name="launch" time="32.661" classname="Emprix.Start.Empirix_Updated"/>
  <testcase name="login" time="33.024" classname="Emprix.Start.Empirix_Updated"/>
  <testcase name="Select_English_language" time="14.723" classname="Emprix.Start.Empirix_Updated"/>
  <testcase name="tabs" time="12.622" classname="Emprix.Start.Empirix_Updated"/>
  <testcase name="information" time="16.817" classname="Emprix.Start.Empirix_Updated"/>
  <testcase name="Select_Japense_language" time="21.147" classname="Emprix.Start.Empirix_Updated"/>
  <testcase name="logout" time="8.529" classname="Emprix.Start.Empirix_Updated"/>
</testsuite> <!-- Testonfirefox -->
